{ "timestamp":"2017-10-17T01:40:50Z", "event":"Fileheader", "part":1, "language":"English\\UK", "gameversion":"2.4", "build":"r156431/r0 " }
{ "timestamp":"2017-10-17T01:40:50Z", "event":"Music", "MusicTrack":"NoTrack" }
{ "timestamp":"2017-10-17T01:40:50Z", "event":"Music", "MusicTrack":"MainMenu" }
{ "timestamp":"2017-10-17T01:41:49Z", "event":"Cargo", "Inventory":[  ] }
{ "timestamp":"2017-10-17T01:41:49Z", "event":"Loadout", "Ship":"CobraMkIII", "ShipID":1, "ShipName":"Flat Head", "ShipIdent":"UNSC-1", "Modules":[ { "Slot":"Armour", "Item":"CobraMkIII_Armour_Grade1", "On":true, "Priority":1, "Health":1.000000, "Value":0 }, { "Slot":"PowerPlant", "Item":"Int_Powerplant_Size4_Class2", "On":true, "Priority":1, "Health":1.000000, "Value":59633 }, { "Slot":"MainEngines", "Item":"Int_Engine_Size4_Class2", "On":true, "Priority":0, "Health":1.000000, "Value":59633 }, { "Slot":"FrameShiftDrive", "Item":"Int_Hyperdrive_Size4_Class2", "On":true, "Priority":0, "Health":1.000000, "Value":59633 }, { "Slot":"LifeSupport", "Item":"Int_LifeSupport_Size3_Class2", "On":true, "Priority":1, "Health":1.000000, "Value":10133 }, { "Slot":"PowerDistributor", "Item":"Int_PowerDistributor_Size3_Class2", "On":true, "Priority":0, "Health":1.000000, "Value":10133 }, { "Slot":"Radar", "Item":"Int_Sensors_Size3_Class2", "On":true, "Priority":0, "Health":1.000000, "Value":10133 }, { "Slot":"FuelTank", "Item":"Int_FuelTank_Size4_Class3", "On":true, "Priority":1, "Health":1.000000, "Value":24734 }, { "Slot":"Slot01_Size4", "Item":"Int_CargoRack_Size4_Class1", "On":true, "Priority":1, "Health":1.000000, "Value":34328 }, { "Slot":"Slot02_Size4", "Item":"Int_CargoRack_Size4_Class1", "On":true, "Priority":1, "Health":1.000000, "Value":34328 }, { "Slot":"Slot03_Size4", "Item":"Int_ShieldGenerator_Size4_Class2", "On":true, "Priority":0, "Health":1.000000, "Value":59633 }, { "Slot":"Slot04_Size2", "Item":"Int_FuelScoop_Size2_Class5", "On":true, "Priority":1, "Health":1.000000, "Value":284844 }, { "Slot":"Slot05_Size2", "Item":"Int_StellarBodyDiscoveryScanner_Standard", "On":true, "Priority":1, "Health":1.000000, "Value":1000 }, { "Slot":"Slot06_Size2", "Item":"Int_Repairer_Size2_Class3", "On":true, "Priority":1, "AmmoInClip":2300, "Health":1.000000, "Value":162000 }, { "Slot":"PlanetaryApproachSuite", "Item":"Int_PlanetApproachSuite", "On":true, "Priority":1, "Health":1.000000, "Value":500 }, { "Slot":"ShipCockpit", "Item":"CobraMkIII_Cockpit", "On":true, "Priority":1, "Health":1.000000, "Value":0 }, { "Slot":"CargoHatch", "Item":"ModularCargoBayDoor", "On":true, "Priority":2, "Health":1.000000, "Value":0 } ] }
{ "timestamp":"2017-10-17T01:41:49Z", "event":"Materials", "Raw":[  ], "Manufactured":[ { "Name":"mechanicalscrap", "Count":4 }, { "Name":"chemicalmanipulators", "Count":3 }, { "Name":"fedproprietarycomposites", "Count":12 } ], "Encoded":[ { "Name":"shieldsoakanalysis", "Count":6 }, { "Name":"emissiondata", "Count":15 }, { "Name":"shieldpatternanalysis", "Count":9 }, { "Name":"shieldcyclerecordings", "Count":18 }, { "Name":"scandatabanks", "Count":3 }, { "Name":"shielddensityreports", "Count":12 }, { "Name":"decodedemissiondata", "Count":9 }, { "Name":"scrambledemissiondata", "Count":2 }, { "Name":"legacyfirmware", "Count":1 } ] }
{ "timestamp":"2017-10-17T01:41:49Z", "event":"LoadGame", "Commander":"JournalServer", "Ship":"CobraMkIII", "ShipID":1, "ShipName":"Flat Head", "ShipIdent":"UNSC-1", "FuelLevel":16.000000, "FuelCapacity":16.000000, "GameMode":"Open", "Credits":1876048, "Loan":0 }
{ "timestamp":"2017-10-17T01:41:49Z", "event":"Rank", "Combat":1, "Trade":3, "Explore":1, "Empire":0, "Federation":0, "CQC":0 }
{ "timestamp":"2017-10-17T01:41:49Z", "event":"Progress", "Combat":81, "Trade":23, "Explore":9, "Empire":0, "Federation":100, "CQC":0 }
{ "timestamp":"2017-10-17T01:41:51Z", "event":"ApproachSettlement", "Name":"Verrazzano's Inheritance" }
{ "timestamp":"2017-10-17T01:42:36Z", "event":"Location", "Docked":true, "StationName":"Verrazzano's Inheritance", "StationType":"SurfaceStation", "StarSystem":"Murung", "StarPos":[-31.500,23.688,75.938], "SystemAllegiance":"Federation", "SystemEconomy":"$economy_Industrial;", "SystemEconomy_Localised":"Industrial", "SystemGovernment":"$government_Corporate;", "SystemGovernment_Localised":"Corporate", "SystemSecurity":"$SYSTEM_SECURITY_high;", "SystemSecurity_Localised":"High Security", "Population":42877182, "Body":"Murung A 2", "BodyType":"Planet", "Factions":[ { "Name":"Pilots Federation Local Branch", "FactionState":"None", "Government":"Democracy", "Influence":0.000000, "Allegiance":"PilotsFederation" }, { "Name":"Independent Murung Values Party", "FactionState":"Boom", "Government":"Democracy", "Influence":0.115884, "Allegiance":"Independent" }, { "Name":"Natural Mentiens Defence Force", "FactionState":"Boom", "Government":"Dictatorship", "Influence":0.211788, "Allegiance":"Independent" }, { "Name":"Murung Services", "FactionState":"Boom", "Government":"Corporate", "Influence":0.332667, "Allegiance":"Federation" }, { "Name":"Regulatory State of Murung", "FactionState":"Boom", "Government":"Dictatorship", "Influence":0.167832, "Allegiance":"Independent", "PendingStates":[ { "State":"CivilWar", "Trend":0 } ] }, { "Name":"Murung Vision Partners", "FactionState":"Boom", "Government":"Corporate", "Influence":0.171828, "Allegiance":"Independent", "PendingStates":[ { "State":"CivilWar", "Trend":0 } ] } ], "SystemFaction":"Murung Services", "FactionState":"Boom" }
{ "timestamp":"2017-10-17T01:42:38Z", "event":"Music", "MusicTrack":"NoTrack" }
{ "timestamp":"2017-10-17T01:42:38Z", "event":"Docked", "StationName":"Verrazzano's Inheritance", "StationType":"SurfaceStation", "StarSystem":"Murung", "StationFaction":"Regulatory State of Murung", "FactionState":"Boom", "StationGovernment":"$government_Dictatorship;", "StationGovernment_Localised":"Dictatorship", "StationServices":[ "Dock", "Autodock", "Commodities", "Contacts", "Exploration", "Missions", "Outfitting", "CrewLounge", "Rearm", "Refuel", "Repair", "Tuning", "MissionsGenerated", "FlightController", "StationOperations", "Powerplay", "SearchAndRescue" ], "StationEconomy":"$economy_Colony;", "StationEconomy_Localised":"Colony", "DistFromStarLS":50.830433 }
{ "timestamp":"2017-10-17T01:44:02Z", "event":"ReceiveText", "From":"$ShipName_Police_Independent;", "From_Localised":"System Authority Vessel", "Message":"$Police_EndPatrol01;", "Message_Localised":"Shift's over guys, I'm heading back to base.", "Channel":"npc" }
{ "timestamp":"2017-10-17T01:46:08Z", "event":"Music", "MusicTrack":"GalaxyMap" }
{ "timestamp":"2017-10-17T01:46:52Z", "event":"Music", "MusicTrack":"NoTrack" }
{ "timestamp":"2017-10-17T01:46:57Z", "event":"ReceiveText", "From":"$ShipName_Police_Independent;", "From_Localised":"System Authority Vessel", "Message":"$Police_StartPatrol03;", "Message_Localised":"Receiving five by five, I'm in the air now, joining patrol.", "Channel":"npc" }
{ "timestamp":"2017-10-17T01:47:00Z", "event":"MissionAccepted", "Faction":"Natural Mentiens Defence Force", "Name":"Mission_Delivery_Boom", "LocalisedName":"Boom time delivery of 21 units of Biowaste", "Commodity":"$Biowaste_Name;", "Commodity_Localised":"Biowaste", "Count":21, "TargetFaction":"57 Zeta Serpentis General Holdings", "DestinationSystem":"57 Zeta Serpentis", "DestinationStation":"Musabayev Dock", "Expiry":"2017-10-18T01:45:04Z", "Influence":"Low", "Reputation":"Low", "Reward":237006, "MissionID":228681274 }
{ "timestamp":"2017-10-17T01:47:13Z", "event":"MissionAccepted", "Faction":"Natural Mentiens Defence Force", "Name":"Mission_Delivery_Boom", "LocalisedName":"Boom time delivery of 2 units of Biowaste", "Commodity":"$Biowaste_Name;", "Commodity_Localised":"Biowaste", "Count":2, "TargetFaction":"57 Zeta Serpentis General Holdings", "DestinationSystem":"57 Zeta Serpentis", "DestinationStation":"Musabayev Dock", "Expiry":"2017-10-18T01:45:04Z", "Influence":"Low", "Reputation":"Low", "Reward":48678, "MissionID":228681347 }
{ "timestamp":"2017-10-17T01:47:41Z", "event":"MissionAccepted", "Faction":"Independent Murung Values Party", "Name":"Mission_Delivery_Boom", "LocalisedName":"Boom time delivery of 6 units of Biowaste", "Commodity":"$Biowaste_Name;", "Commodity_Localised":"Biowaste", "Count":6, "TargetFaction":"Belu Silver Federal Industry", "DestinationSystem":"57 Zeta Serpentis", "DestinationStation":"Musabayev Dock", "Expiry":"2017-10-18T01:45:04Z", "Influence":"Low", "Reputation":"Low", "Reward":157815, "MissionID":228681523 }
{ "timestamp":"2017-10-17T01:49:26Z", "event":"Undocked", "StationName":"Verrazzano's Inheritance", "StationType":"SurfaceStation" }
{ "timestamp":"2017-10-17T01:50:15Z", "event":"ReceiveText", "From":"Verrazzano's Inheritance", "Message":"$STATION_NoFireZone_exited;", "Message_Localised":"No fire zone left.", "Channel":"npc" }
{ "timestamp":"2017-10-17T01:50:34Z", "event":"ReceiveText", "From":"$ShipName_Police_Independent;", "From_Localised":"System Authority Vessel", "Message":"$Police_StartPatrol03;", "Message_Localised":"Receiving five by five, I'm in the air now, joining patrol.", "Channel":"npc" }
{ "timestamp":"2017-10-17T01:50:45Z", "event":"Music", "MusicTrack":"GalaxyMap" }
{ "timestamp":"2017-10-17T01:51:08Z", "event":"Music", "MusicTrack":"Exploration" }
{ "timestamp":"2017-10-17T01:51:33Z", "event":"StartJump", "JumpType":"Hyperspace", "StarSystem":"Alrai Sector DL-Y d82", "StarClass":"F" }
{ "timestamp":"2017-10-17T01:51:39Z", "event":"Music", "MusicTrack":"NoTrack" }
{ "timestamp":"2017-10-17T01:51:52Z", "event":"FSDJump", "StarSystem":"Alrai Sector DL-Y d82", "StarPos":[-30.875,19.156,69.938], "SystemAllegiance":"", "SystemEconomy":"$economy_None;", "SystemEconomy_Localised":"None", "SystemGovernment":"$government_None;", "SystemGovernment_Localised":"None", "SystemSecurity":"$GAlAXY_MAP_INFO_state_anarchy;", "SystemSecurity_Localised":"Anarchy", "Population":0, "JumpDist":7.545, "FuelUsed":0.607748, "FuelLevel":15.392252 }
{ "timestamp":"2017-10-17T01:51:52Z", "event":"Music", "MusicTrack":"Supercruise" }
{ "timestamp":"2017-10-17T01:52:03Z", "event":"FuelScoop", "Scooped":0.018194, "Total":15.410442 }
{ "timestamp":"2017-10-17T01:52:27Z", "event":"StartJump", "JumpType":"Hyperspace", "StarSystem":"57 Zeta Serpentis", "StarClass":"F" }
{ "timestamp":"2017-10-17T01:52:33Z", "event":"Music", "MusicTrack":"NoTrack" }
{ "timestamp":"2017-10-17T01:52:46Z", "event":"FSDJump", "StarSystem":"57 Zeta Serpentis", "StarPos":[-30.938,12.000,69.281], "SystemAllegiance":"Independent", "SystemEconomy":"$economy_Agri;", "SystemEconomy_Localised":"Agriculture", "SystemGovernment":"$government_Corporate;", "SystemGovernment_Localised":"Corporate", "SystemSecurity":"$SYSTEM_SECURITY_high;", "SystemSecurity_Localised":"High Security", "Population":2773411214, "JumpDist":7.187, "FuelUsed":0.540381, "FuelLevel":14.870062, "Factions":[ { "Name":"Independent 57 Zeta Serpentis Resistance", "FactionState":"CivilWar", "Government":"Democracy", "Influence":0.044910, "Allegiance":"Federation" }, { "Name":"Pilots Federation Local Branch", "FactionState":"None", "Government":"Democracy", "Influence":0.000000, "Allegiance":"PilotsFederation" }, { "Name":"Democrats of Utse", "FactionState":"None", "Government":"Democracy", "Influence":0.154691, "Allegiance":"Federation", "RecoveringStates":[ { "State":"Boom", "Trend":1 } ] }, { "Name":"57 Zeta Serpentis Incorporated", "FactionState":"CivilWar", "Government":"Corporate", "Influence":0.043912, "Allegiance":"Independent" }, { "Name":"Belu Silver Federal Industry", "FactionState":"Boom", "Government":"Corporate", "Influence":0.262475, "Allegiance":"Federation" }, { "Name":"57 Zeta Serpentis Dominion", "FactionState":"CivilWar", "Government":"Dictatorship", "Influence":0.043912, "Allegiance":"Independent", "PendingStates":[ { "State":"Outbreak", "Trend":0 } ] }, { "Name":"57 Zeta Serpentis General Holdings", "FactionState":"Boom", "Government":"Corporate", "Influence":0.406188, "Allegiance":"Independent" }, { "Name":"57 Zeta Serpentis Gold Ring", "FactionState":"CivilWar", "Government":"Anarchy", "Influence":0.043912, "Allegiance":"Independent", "PendingStates":[ { "State":"Boom", "Trend":0 } ] } ], "SystemFaction":"57 Zeta Serpentis General Holdings", "FactionState":"Boom" }
{ "timestamp":"2017-10-17T01:52:46Z", "event":"Music", "MusicTrack":"DestinationFromHyperspace" }
{ "timestamp":"2017-10-17T01:52:51Z", "event":"Music", "MusicTrack":"Supercruise" }
{ "timestamp":"2017-10-17T01:53:14Z", "event":"FuelScoop", "Scooped":0.809298, "Total":15.679351 }
{ "timestamp":"2017-10-17T01:55:19Z", "event":"Music", "MusicTrack":"SystemMap" }
{ "timestamp":"2017-10-17T01:55:54Z", "event":"Music", "MusicTrack":"Supercruise" }
{ "timestamp":"2017-10-17T02:00:46Z", "event":"Music", "MusicTrack":"GalaxyMap" }
{ "timestamp":"2017-10-17T02:01:04Z", "event":"Music", "MusicTrack":"Supercruise" }
{ "timestamp":"2017-10-17T02:11:57Z", "event":"SupercruiseExit", "StarSystem":"57 Zeta Serpentis", "Body":"Musabayev Dock", "BodyType":"Station" }
{ "timestamp":"2017-10-17T02:11:57Z", "event":"Music", "MusicTrack":"DestinationFromSupercruise" }
{ "timestamp":"2017-10-17T02:11:58Z", "event":"ReceiveText", "From":"Musabayev Dock", "Message":"$STATION_NoFireZone_entered;", "Message_Localised":"No fire zone entered.", "Channel":"npc" }
{ "timestamp":"2017-10-17T02:12:02Z", "event":"Music", "MusicTrack":"NoTrack" }
{ "timestamp":"2017-10-17T02:12:12Z", "event":"DockingRequested", "StationName":"Musabayev Dock" }
{ "timestamp":"2017-10-17T02:12:12Z", "event":"ReceiveText", "From":"Musabayev Dock", "Message":"$DockingChatter_Neutral;", "Message_Localised":"Ensure to observe starport protocol during your visit, pilot.", "Channel":"npc" }
{ "timestamp":"2017-10-17T02:12:14Z", "event":"ReceiveText", "From":"Musabayev Dock", "Message":"$STATION_docking_granted;", "Message_Localised":"Docking request granted.", "Channel":"npc" }
{ "timestamp":"2017-10-17T02:12:14Z", "event":"DockingGranted", "LandingPad":13, "StationName":"Musabayev Dock" }
{ "timestamp":"2017-10-17T02:13:10Z", "event":"Music", "MusicTrack":"Starport" }
{ "timestamp":"2017-10-17T02:13:37Z", "event":"Docked", "StationName":"Musabayev Dock", "StationType":"Orbis", "StarSystem":"57 Zeta Serpentis", "StationFaction":"57 Zeta Serpentis General Holdings", "FactionState":"Boom", "StationGovernment":"$government_Corporate;", "StationGovernment_Localised":"Corporate", "StationServices":[ "Dock", "Autodock", "Commodities", "Contacts", "Exploration", "Missions", "Outfitting", "CrewLounge", "Rearm", "Refuel", "Repair", "Shipyard", "Tuning", "MissionsGenerated", "FlightController", "StationOperations", "Powerplay", "SearchAndRescue" ], "StationEconomy":"$economy_Agri;", "StationEconomy_Localised":"Agriculture", "DistFromStarLS":438565.156250 }
{ "timestamp":"2017-10-17T02:13:59Z", "event":"MissionCompleted", "Faction":"57 Zeta Serpentis General Holdings", "Name":"Mission_Delivery_Boom_name", "MissionID":228681274, "Commodity":"$Biowaste_Name;", "Commodity_Localised":"Biowaste", "Count":21, "TargetFaction":"57 Zeta Serpentis General Holdings", "DestinationSystem":"57 Zeta Serpentis", "DestinationStation":"Musabayev Dock", "Reward":237006 }
{ "timestamp":"2017-10-17T02:14:02Z", "event":"MissionCompleted", "Faction":"57 Zeta Serpentis General Holdings", "Name":"Mission_Delivery_Boom_name", "MissionID":228681347, "Commodity":"$Biowaste_Name;", "Commodity_Localised":"Biowaste", "Count":2, "TargetFaction":"57 Zeta Serpentis General Holdings", "DestinationSystem":"57 Zeta Serpentis", "DestinationStation":"Musabayev Dock", "Reward":48678, "CommodityReward":[ { "Name":"ArticulationMotors", "Count":4 } ] }
{ "timestamp":"2017-10-17T02:14:02Z", "event":"MaterialDiscovered", "Category":"Manufactured", "Name":"gridresistors", "DiscoveryNumber":4 }
{ "timestamp":"2017-10-17T02:14:02Z", "event":"MaterialCollected", "Category":"Manufactured", "Name":"gridresistors", "Count":1 }
{ "timestamp":"2017-10-17T02:14:22Z", "event":"MissionCompleted", "Faction":"Belu Silver Federal Industry", "Name":"Mission_Delivery_Boom_name", "MissionID":228681523, "Commodity":"$Biowaste_Name;", "Commodity_Localised":"Biowaste", "Count":6, "TargetFaction":"Belu Silver Federal Industry", "DestinationSystem":"57 Zeta Serpentis", "DestinationStation":"Musabayev Dock", "Reward":157815 }
{ "timestamp":"2017-10-17T02:15:37Z", "event":"Music", "MusicTrack":"GalaxyMap" }
{ "timestamp":"2017-10-17T02:16:13Z", "event":"Music", "MusicTrack":"Starport" }
{ "timestamp":"2017-10-17T02:17:26Z", "event":"Music", "MusicTrack":"GalaxyMap" }
{ "timestamp":"2017-10-17T02:17:38Z", "event":"Music", "MusicTrack":"Starport" }
{ "timestamp":"2017-10-17T02:18:02Z", "event":"Music", "MusicTrack":"GalaxyMap" }
{ "timestamp":"2017-10-17T02:18:38Z", "event":"Music", "MusicTrack":"Starport" }
{ "timestamp":"2017-10-17T02:19:26Z", "event":"RefuelAll", "Cost":43, "Amount":0.841908 }
{ "timestamp":"2017-10-17T02:20:37Z", "event":"Undocked", "StationName":"Musabayev Dock", "StationType":"Orbis" }
{ "timestamp":"2017-10-17T02:21:19Z", "event":"Music", "MusicTrack":"NoTrack" }
{ "timestamp":"2017-10-17T02:21:46Z", "event":"Scanned", "ScanType":"Cargo" }
{ "timestamp":"2017-10-17T02:21:46Z", "event":"ReceiveText", "From":"$ShipName_Police_Independent;", "From_Localised":"System Authority Vessel", "Message":"$Police_ThankYouPassedStopAndSearch06;", "Message_Localised":"We're done here pilot, move along.", "Channel":"npc" }
{ "timestamp":"2017-10-17T02:21:52Z", "event":"Music", "MusicTrack":"GalaxyMap" }
{ "timestamp":"2017-10-17T02:21:57Z", "event":"Music", "MusicTrack":"NoTrack" }
{ "timestamp":"2017-10-17T02:22:00Z", "event":"Music", "MusicTrack":"GalaxyMap" }
{ "timestamp":"2017-10-17T02:22:06Z", "event":"Music", "MusicTrack":"NoTrack" }
{ "timestamp":"2017-10-17T02:22:27Z", "event":"ReceiveText", "From":"Musabayev Dock", "Message":"$STATION_NoFireZone_exited;", "Message_Localised":"No fire zone left.", "Channel":"npc" }
{ "timestamp":"2017-10-17T02:22:30Z", "event":"StartJump", "JumpType":"Hyperspace", "StarSystem":"Sinann", "StarClass":"G" }
{ "timestamp":"2017-10-17T02:22:48Z", "event":"FSDJump", "StarSystem":"Sinann", "StarPos":[-40.656,15.875,64.625], "SystemAllegiance":"Federation", "SystemEconomy":"$economy_Military;", "SystemEconomy_Localised":"Military", "SystemGovernment":"$government_Corporate;", "SystemGovernment_Localised":"Corporate", "SystemSecurity":"$SYSTEM_SECURITY_low;", "SystemSecurity_Localised":"Low Security", "Population":16834, "JumpDist":11.452, "FuelUsed":1.244203, "FuelLevel":14.755797, "Factions":[ { "Name":"LP 510-10 Solutions", "FactionState":"None", "Government":"Corporate", "Influence":0.076076, "Allegiance":"Federation", "PendingStates":[ { "State":"CivilUnrest", "Trend":0 }, { "State":"Lockdown", "Trend":1 } ] }, { "Name":"Revolutionary Party of Cebalrai", "FactionState":"Boom", "Government":"Democracy", "Influence":0.087087, "Allegiance":"Federation" }, { "Name":"Sinann Silver Raiders", "FactionState":"Boom", "Government":"Anarchy", "Influence":0.117117, "Allegiance":"Independent" }, { "Name":"GAT 2 Exchange", "FactionState":"Lockdown", "Government":"Corporate", "Influence":0.467467, "Allegiance":"Federation", "PendingStates":[ { "State":"Boom", "Trend":1 }, { "State":"CivilUnrest", "Trend":0 } ] }, { "Name":"Pilots Federation Local Branch", "FactionState":"None", "Government":"Democracy", "Influence":0.000000, "Allegiance":"PilotsFederation" }, { "Name":"Sinann Group", "FactionState":"CivilWar", "Government":"Corporate", "Influence":0.040040, "Allegiance":"Federation" }, { "Name":"Co-operative of Sinann", "FactionState":"CivilWar", "Government":"Cooperative", "Influence":0.038038, "Allegiance":"Independent" }, { "Name":"BD+03 3531a Central Commodities", "FactionState":"Boom", "Government":"Corporate", "Influence":0.174174, "Allegiance":"Federation" } ], "SystemFaction":"GAT 2 Exchange", "FactionState":"Lockdown" }
{ "timestamp":"2017-10-17T02:22:49Z", "event":"Music", "MusicTrack":"Supercruise" }
{ "timestamp":"2017-10-17T02:23:00Z", "event":"FuelScoop", "Scooped":0.038542, "Total":14.794333 }
{ "timestamp":"2017-10-17T02:23:13Z", "event":"Music", "MusicTrack":"SystemMap" }
{ "timestamp":"2017-10-17T02:23:35Z", "event":"Music", "MusicTrack":"Supercruise" }
{ "timestamp":"2017-10-17T02:24:22Z", "event":"Music", "MusicTrack":"SystemMap" }
{ "timestamp":"2017-10-17T02:24:25Z", "event":"Music", "MusicTrack":"Supercruise" }
{ "timestamp":"2017-10-17T02:25:10Z", "event":"Music", "MusicTrack":"SystemMap" }
{ "timestamp":"2017-10-17T02:25:19Z", "event":"Music", "MusicTrack":"Supercruise" }
{ "timestamp":"2017-10-17T02:25:30Z", "event":"ReceiveText", "From":"$npc_name_decorate:#name=Bester;", "From_Localised":"Bester", "Message":"$Protester_Patrol02;", "Message_Localised":"Oh no, we won't go! Oh no, we won't go!!", "Channel":"npc" }
{ "timestamp":"2017-10-17T02:26:05Z", "event":"ReceiveText", "From":"$npc_name_decorate:#name=Bester;", "From_Localised":"Bester", "Message":"$Protester_Patrol05;", "Message_Localised":"Rise up the workers, unite and fight!", "Channel":"npc" }
{ "timestamp":"2017-10-17T02:26:34Z", "event":"ReceiveText", "From":"$npc_name_decorate:#name=Bester;", "From_Localised":"Bester", "Message":"$Protester_Patrol02;", "Message_Localised":"Oh no, we won't go! Oh no, we won't go!!", "Channel":"npc" }
{ "timestamp":"2017-10-17T02:26:40Z", "event":"SupercruiseExit", "StarSystem":"Sinann", "Body":"Jones Point", "BodyType":"Station" }
{ "timestamp":"2017-10-17T02:26:41Z", "event":"Music", "MusicTrack":"DestinationFromSupercruise" }
{ "timestamp":"2017-10-17T02:26:46Z", "event":"Music", "MusicTrack":"Exploration" }
{ "timestamp":"2017-10-17T02:26:48Z", "event":"ReceiveText", "From":"Jones Point", "Message":"$STATION_NoFireZone_entered;", "Message_Localised":"No fire zone entered.", "Channel":"npc" }
{ "timestamp":"2017-10-17T02:26:54Z", "event":"DockingRequested", "StationName":"Jones Point" }
{ "timestamp":"2017-10-17T02:26:54Z", "event":"ReceiveText", "From":"Jones Point", "Message":"$DockingChatter_Neutral;", "Message_Localised":"Ensure to observe starport protocol during your visit, pilot.", "Channel":"npc" }
{ "timestamp":"2017-10-17T02:26:56Z", "event":"ReceiveText", "From":"Jones Point", "Message":"$STATION_docking_granted;", "Message_Localised":"Docking request granted.", "Channel":"npc" }
{ "timestamp":"2017-10-17T02:26:56Z", "event":"DockingGranted", "LandingPad":2, "StationName":"Jones Point" }
{ "timestamp":"2017-10-17T02:29:21Z", "event":"Docked", "StationName":"Jones Point", "StationType":"Outpost", "StarSystem":"Sinann", "StationFaction":"GAT 2 Exchange", "FactionState":"Lockdown", "StationGovernment":"$government_Corporate;", "StationGovernment_Localised":"Corporate", "StationAllegiance":"Federation", "StationServices":[ "Dock", "Autodock", "BlackMarket", "Commodities", "Contacts", "Exploration", "Missions", "Outfitting", "CrewLounge", "Rearm", "Refuel", "MissionsGenerated", "Facilitator", "FlightController", "StationOperations", "Powerplay", "SearchAndRescue" ], "StationEconomy":"$economy_Refinery;", "StationEconomy_Localised":"Refinery", "DistFromStarLS":1628.200439 }
{ "timestamp":"2017-10-17T02:29:32Z", "event":"RefuelAll", "Cost":69, "Amount":1.353552 }
{ "timestamp":"2017-10-17T02:30:36Z", "event":"Undocked", "StationName":"Jones Point", "StationType":"Outpost" }
{ "timestamp":"2017-10-17T02:31:32Z", "event":"StartJump", "JumpType":"Hyperspace", "StarSystem":"Alrai Sector DL-Y d110", "StarClass":"G" }
{ "timestamp":"2017-10-17T02:31:35Z", "event":"ReceiveText", "From":"Jones Point", "Message":"$STATION_NoFireZone_exited;", "Message_Localised":"No fire zone left.", "Channel":"npc" }
{ "timestamp":"2017-10-17T02:31:38Z", "event":"Music", "MusicTrack":"NoTrack" }
{ "timestamp":"2017-10-17T02:31:51Z", "event":"FSDJump", "StarSystem":"Alrai Sector DL-Y d110", "StarPos":[-45.375,9.781,59.594], "SystemAllegiance":"", "SystemEconomy":"$economy_None;", "SystemEconomy_Localised":"None", "SystemGovernment":"$government_None;", "SystemGovernment_Localised":"None", "SystemSecurity":"$GAlAXY_MAP_INFO_state_anarchy;", "SystemSecurity_Localised":"Anarchy", "Population":0, "JumpDist":9.204, "FuelUsed":0.752669, "FuelLevel":15.247332 }
{ "timestamp":"2017-10-17T02:31:51Z", "event":"Music", "MusicTrack":"Supercruise" }
{ "timestamp":"2017-10-17T02:32:04Z", "event":"ReceiveText", "From":"$npc_name_decorate:#name=Claire York;", "From_Localised":"Claire York", "Message":"$Pirate_HunterHostileSC_Relevant02;", "Message_Localised":"I knew I'd find you eventually, all that tasty cargo!", "Channel":"npc" }
{ "timestamp":"2017-10-17T02:32:06Z", "event":"FuelScoop", "Scooped":0.168304, "Total":15.415632 }
{ "timestamp":"2017-10-17T02:32:10Z", "event":"Music", "MusicTrack":"SystemMap" }
{ "timestamp":"2017-10-17T02:32:11Z", "event":"ReceiveText", "From":"$npc_name_decorate:#name=Claire York;", "From_Localised":"Claire York", "Message":"$Pirate_StartInterdiction01;", "Message_Localised":"You're mine now, Commander. ", "Channel":"npc" }
{ "timestamp":"2017-10-17T02:32:11Z", "event":"Music", "MusicTrack":"Supercruise" }
{ "timestamp":"2017-10-17T02:32:33Z", "event":"EscapeInterdiction", "Interdictor":"Claire York", "IsPlayer":false }
{ "timestamp":"2017-10-17T02:32:42Z", "event":"Music", "MusicTrack":"SystemMap" }
{ "timestamp":"2017-10-17T02:32:44Z", "event":"Music", "MusicTrack":"Supercruise" }
{ "timestamp":"2017-10-17T02:33:15Z", "event":"StartJump", "JumpType":"Hyperspace", "StarSystem":"LP 571-80", "StarClass":"M" }
{ "timestamp":"2017-10-17T02:33:21Z", "event":"Music", "MusicTrack":"NoTrack" }
{ "timestamp":"2017-10-17T02:33:34Z", "event":"FSDJump", "StarSystem":"LP 571-80", "StarPos":[-43.969,2.563,51.750], "SystemAllegiance":"", "SystemEconomy":"$economy_None;", "SystemEconomy_Localised":"None", "SystemGovernment":"$government_None;", "SystemGovernment_Localised":"None", "SystemSecurity":"$GAlAXY_MAP_INFO_state_anarchy;", "SystemSecurity_Localised":"Anarchy", "Population":0, "JumpDist":10.752, "FuelUsed":1.069729, "FuelLevel":14.345902 }
{ "timestamp":"2017-10-17T02:33:34Z", "event":"Music", "MusicTrack":"Supercruise" }
{ "timestamp":"2017-10-17T02:33:48Z", "event":"FuelScoop", "Scooped":0.213075, "Total":14.558994 }
{ "timestamp":"2017-10-17T02:33:51Z", "event":"Music", "MusicTrack":"SystemMap" }
{ "timestamp":"2017-10-17T02:33:53Z", "event":"Music", "MusicTrack":"Supercruise" }
{ "timestamp":"2017-10-17T02:34:32Z", "event":"StartJump", "JumpType":"Hyperspace", "StarSystem":"GD 219", "StarClass":"DA" }
{ "timestamp":"2017-10-17T02:34:37Z", "event":"Music", "MusicTrack":"NoTrack" }
{ "timestamp":"2017-10-17T02:34:50Z", "event":"FSDJump", "StarSystem":"GD 219", "StarPos":[-48.656,0.125,41.688], "SystemAllegiance":"Federation", "SystemEconomy":"$economy_HighTech;", "SystemEconomy_Localised":"High Tech", "SystemGovernment":"$government_Corporate;", "SystemGovernment_Localised":"Corporate", "SystemSecurity":"$SYSTEM_SECURITY_medium;", "SystemSecurity_Localised":"Medium Security", "Population":3972954, "JumpDist":11.365, "FuelUsed":1.204445, "FuelLevel":13.354549, "Factions":[ { "Name":"LTT 15985 Jet Dynamic Solutions", "FactionState":"War", "Government":"Corporate", "Influence":0.009990, "Allegiance":"Federation", "PendingStates":[ { "State":"Boom", "Trend":1 } ] }, { "Name":"Pilots Federation Local Branch", "FactionState":"None", "Government":"Democracy", "Influence":0.000000, "Allegiance":"PilotsFederation" }, { "Name":"Ekuru for Equality", "FactionState":"None", "Government":"Democracy", "Influence":0.034965, "Allegiance":"Federation", "PendingStates":[ { "State":"Boom", "Trend":1 } ] }, { "Name":"Ngolibardu Electronics Solutions", "FactionState":"None", "Government":"Corporate", "Influence":0.592408, "Allegiance":"Federation", "RecoveringStates":[ { "State":"Boom", "Trend":0 } ] }, { "Name":"GD 219 Purple Partnership", "FactionState":"Boom", "Government":"Anarchy", "Influence":0.085914, "Allegiance":"Independent", "PendingStates":[ { "State":"CivilWar", "Trend":0 } ] }, { "Name":"Liberals of GD 219", "FactionState":"War", "Government":"Democracy", "Influence":0.010989, "Allegiance":"Federation", "PendingStates":[ { "State":"Boom", "Trend":1 }, { "State":"Outbreak", "Trend":0 } ] }, { "Name":"DG Transport Company", "FactionState":"Boom", "Government":"Democracy", "Influence":0.085914, "Allegiance":"Federation", "PendingStates":[ { "State":"CivilWar", "Trend":0 } ] }, { "Name":"LHS 3447 Dynamic & Co", "FactionState":"Boom", "Government":"Corporate", "Influence":0.179820, "Allegiance":"Federation", "PendingStates":[ { "State":"CivilUnrest", "Trend":1 } ] } ], "SystemFaction":"Ngolibardu Electronics Solutions" }
{ "timestamp":"2017-10-17T02:34:50Z", "event":"Music", "MusicTrack":"Supercruise" }
{ "timestamp":"2017-10-17T02:35:16Z", "event":"Music", "MusicTrack":"SystemMap" }
{ "timestamp":"2017-10-17T02:35:22Z", "event":"Music", "MusicTrack":"Supercruise" }
{ "timestamp":"2017-10-17T02:38:03Z", "event":"SupercruiseExit", "StarSystem":"GD 219", "Body":"McKee Ring", "BodyType":"Station" }
{ "timestamp":"2017-10-17T02:38:03Z", "event":"Music", "MusicTrack":"DestinationFromSupercruise" }
{ "timestamp":"2017-10-17T02:38:08Z", "event":"Music", "MusicTrack":"NoTrack" }
{ "timestamp":"2017-10-17T02:38:11Z", "event":"ReceiveText", "From":"McKee Ring", "Message":"$STATION_NoFireZone_entered;", "Message_Localised":"No fire zone entered.", "Channel":"npc" }
{ "timestamp":"2017-10-17T02:39:46Z", "event":"DockingRequested", "StationName":"McKee Ring" }
{ "timestamp":"2017-10-17T02:39:46Z", "event":"ReceiveText", "From":"McKee Ring", "Message":"$DockingChatter_Friendly;", "Message_Localised":"It's great to see you again, Commander.", "Channel":"npc" }
{ "timestamp":"2017-10-17T02:39:47Z", "event":"ReceiveText", "From":"McKee Ring", "Message":"$STATION_docking_granted;", "Message_Localised":"Docking request granted.", "Channel":"npc" }
{ "timestamp":"2017-10-17T02:39:47Z", "event":"DockingGranted", "LandingPad":1, "StationName":"McKee Ring" }
{ "timestamp":"2017-10-17T02:40:36Z", "event":"Music", "MusicTrack":"Starport" }
{ "timestamp":"2017-10-17T02:40:52Z", "event":"Docked", "StationName":"McKee Ring", "StationType":"Coriolis", "StarSystem":"GD 219", "StationFaction":"Ngolibardu Electronics Solutions", "StationGovernment":"$government_Corporate;", "StationGovernment_Localised":"Corporate", "StationAllegiance":"Federation", "StationServices":[ "Dock", "Autodock", "Commodities", "Contacts", "Exploration", "Missions", "Outfitting", "CrewLounge", "Rearm", "Refuel", "Repair", "Shipyard", "Tuning", "MissionsGenerated", "FlightController", "StationOperations", "Powerplay", "SearchAndRescue" ], "StationEconomy":"$economy_HighTech;", "StationEconomy_Localised":"High Tech", "DistFromStarLS":1464.595703 }
{ "timestamp":"2017-10-17T02:41:02Z", "event":"RefuelAll", "Cost":143, "Amount":2.827688 }
{ "timestamp":"2017-10-17T02:42:32Z", "event":"SellExplorationData", "Systems":[ "Sinann", "Alrai Sector DL-Y d82", "Alrai Sector DL-Y d110" ], "Discovered":[  ], "BaseValue":9998, "Bonus":0 }
{ "timestamp":"2017-10-17T02:43:22Z", "event":"MissionAccepted", "Faction":"LTT 15985 Jet Dynamic Solutions", "Name":"Mission_Courier_War", "LocalisedName":"Strategic data transfer", "TargetFaction":"Ngolibardu Purple Drug Empire", "DestinationSystem":"Ngolibardu", "DestinationStation":"Vernadsky Port", "Expiry":"2017-10-18T02:19:29Z", "Influence":"Low", "Reputation":"Med", "Reward":5680, "MissionID":228701842 }
{ "timestamp":"2017-10-17T02:43:58Z", "event":"Undocked", "StationName":"McKee Ring", "StationType":"Coriolis" }
{ "timestamp":"2017-10-17T02:44:15Z", "event":"Music", "MusicTrack":"NoTrack" }
{ "timestamp":"2017-10-17T02:45:10Z", "event":"ReceiveText", "From":"McKee Ring", "Message":"$STATION_NoFireZone_exited;", "Message_Localised":"No fire zone left.", "Channel":"npc" }
{ "timestamp":"2017-10-17T02:45:18Z", "event":"StartJump", "JumpType":"Hyperspace", "StarSystem":"Ngolibardu", "StarClass":"M" }
{ "timestamp":"2017-10-17T02:45:37Z", "event":"FSDJump", "StarSystem":"Ngolibardu", "StarPos":[-48.813,-7.750,39.813], "SystemAllegiance":"Federation", "SystemEconomy":"$economy_Refinery;", "SystemEconomy_Localised":"Refinery", "SystemGovernment":"$government_Corporate;", "SystemGovernment_Localised":"Corporate", "SystemSecurity":"$SYSTEM_SECURITY_medium;", "SystemSecurity_Localised":"Medium Security", "Population":2461357, "JumpDist":8.097, "FuelUsed":0.560477, "FuelLevel":15.439523, "Factions":[ { "Name":"Pilots Federation Local Branch", "FactionState":"None", "Government":"Democracy", "Influence":0.000000, "Allegiance":"PilotsFederation" }, { "Name":"Ekuru for Equality", "FactionState":"War", "Government":"Democracy", "Influence":0.067000, "Allegiance":"Federation", "PendingStates":[ { "State":"Boom", "Trend":1 } ] }, { "Name":"Ngolibardu Electronics Solutions", "FactionState":"None", "Government":"Corporate", "Influence":0.427000, "Allegiance":"Federation", "RecoveringStates":[ { "State":"Boom", "Trend":0 } ] }, { "Name":"Ngolibardu Purple Drug Empire", "FactionState":"Boom", "Government":"Anarchy", "Influence":0.033000, "Allegiance":"Independent" }, { "Name":"Wolf 865 Group", "FactionState":"Boom", "Government":"Corporate", "Influence":0.225000, "Allegiance":"Federation" }, { "Name":"Liberals of Ngolibardu", "FactionState":"None", "Government":"Democracy", "Influence":0.086000, "Allegiance":"Independent" }, { "Name":"League of Ngolibardu", "FactionState":"None", "Government":"Dictatorship", "Influence":0.026000, "Allegiance":"Independent", "PendingStates":[ { "State":"Boom", "Trend":1 } ], "RecoveringStates":[ { "State":"War", "Trend":0 } ] }, { "Name":"Ross 163 Blue Dynamic Limited", "FactionState":"None", "Government":"Corporate", "Influence":0.098000, "Allegiance":"Federation", "PendingStates":[ { "State":"Boom", "Trend":1 } ], "RecoveringStates":[ { "State":"War", "Trend":0 } ] }, { "Name":"Ngolibardu Creative & Co", "FactionState":"War", "Government":"Corporate", "Influence":0.038000, "Allegiance":"Independent", "PendingStates":[ { "State":"Boom", "Trend":1 }, { "State":"Outbreak", "Trend":0 } ] } ], "SystemFaction":"Ngolibardu Electronics Solutions" }
{ "timestamp":"2017-10-17T02:45:37Z", "event":"Music", "MusicTrack":"DestinationFromHyperspace" }
{ "timestamp":"2017-10-17T02:45:42Z", "event":"Music", "MusicTrack":"Supercruise" }
{ "timestamp":"2017-10-17T02:45:52Z", "event":"FuelScoop", "Scooped":0.276664, "Total":15.716187 }
{ "timestamp":"2017-10-17T02:45:59Z", "event":"Music", "MusicTrack":"SystemMap" }
{ "timestamp":"2017-10-17T02:46:06Z", "event":"Music", "MusicTrack":"Supercruise" }
{ "timestamp":"2017-10-17T02:49:27Z", "event":"SupercruiseExit", "StarSystem":"Ngolibardu", "Body":"Vernadsky Port", "BodyType":"Station" }
{ "timestamp":"2017-10-17T02:49:28Z", "event":"Music", "MusicTrack":"DestinationFromSupercruise" }
{ "timestamp":"2017-10-17T02:49:33Z", "event":"Music", "MusicTrack":"NoTrack" }
{ "timestamp":"2017-10-17T02:49:36Z", "event":"ReceiveText", "From":"Vernadsky Port", "Message":"$STATION_NoFireZone_entered;", "Message_Localised":"No fire zone entered.", "Channel":"npc" }
{ "timestamp":"2017-10-17T02:49:46Z", "event":"DockingRequested", "StationName":"Vernadsky Port" }
{ "timestamp":"2017-10-17T02:49:46Z", "event":"ReceiveText", "From":"Vernadsky Port", "Message":"$DockingChatter_Friendly;", "Message_Localised":"It's great to see you again, Commander.", "Channel":"npc" }
{ "timestamp":"2017-10-17T02:49:47Z", "event":"ReceiveText", "From":"Vernadsky Port", "Message":"$STATION_docking_granted;", "Message_Localised":"Docking request granted.", "Channel":"npc" }
{ "timestamp":"2017-10-17T02:49:47Z", "event":"DockingGranted", "LandingPad":34, "StationName":"Vernadsky Port" }
{ "timestamp":"2017-10-17T02:50:48Z", "event":"Scanned", "ScanType":"Cargo" }
{ "timestamp":"2017-10-17T02:50:48Z", "event":"ReceiveText", "From":"$ShipName_Police_Federation;", "From_Localised":"Federal Security Service", "Message":"$Police_ThankYouPassedStopAndSearch07;", "Message_Localised":"Your scan is clear. Carry on with your journey, Commander.", "Channel":"npc" }
{ "timestamp":"2017-10-17T02:50:48Z", "event":"Music", "MusicTrack":"Starport" }
{ "timestamp":"2017-10-17T02:51:24Z", "event":"Docked", "StationName":"Vernadsky Port", "StationType":"Coriolis", "StarSystem":"Ngolibardu", "StationFaction":"Ngolibardu Electronics Solutions", "StationGovernment":"$government_Corporate;", "StationGovernment_Localised":"Corporate", "StationAllegiance":"Federation", "StationServices":[ "Dock", "Autodock", "Commodities", "Contacts", "Exploration", "Missions", "Outfitting", "CrewLounge", "Rearm", "Refuel", "Repair", "Shipyard", "Tuning", "MissionsGenerated", "FlightController", "StationOperations", "Powerplay", "SearchAndRescue" ], "StationEconomy":"$economy_Refinery;", "StationEconomy_Localised":"Refinery", "DistFromStarLS":1933.718262 }
{ "timestamp":"2017-10-17T02:51:44Z", "event":"MissionCompleted", "Faction":"Ngolibardu Purple Drug Empire", "Name":"Mission_Courier_War_name", "MissionID":228701842, "TargetFaction":"Ngolibardu Purple Drug Empire", "DestinationSystem":"Ngolibardu", "DestinationStation":"Vernadsky Port", "Reward":5680 }
{ "timestamp":"2017-10-17T02:53:33Z", "event":"ReceiveText", "From":"$npc_name_decorate:#name=Carl-Johan Kjellander;", "From_Localised":"Carl-Johan Kjellander", "Message":"$Commuter_AuthorityScan01;", "Message_Localised":"Is there a problem here, officer?", "Channel":"npc" }
{ "timestamp":"2017-10-17T02:53:58Z", "event":"MissionAccepted", "Faction":"Ngolibardu Electronics Solutions", "Name":"Mission_Salvage_RankFed", "LocalisedName":"Commercial Samples Federal Navy retrieval mission", "Commodity":"$ComercialSamples_Name;", "Commodity_Localised":"Commercial Samples", "Count":3, "DestinationSystem":"Wolf 865", "Expiry":"2017-10-18T06:49:31Z", "Influence":"Med", "Reputation":"Low", "Reward":106208, "MissionID":228705770 }
{ "timestamp":"2017-10-17T02:54:03Z", "event":"RefuelAll", "Cost":22, "Amount":0.415480 }
{ "timestamp":"2017-10-17T02:54:26Z", "event":"ModuleRetrieve", "Slot":"MediumHardpoint2", "RetrievedItem":"$hpt_multicannon_fixed_medium_name;", "RetrievedItem_Localised":"Multi-Cannon", "Ship":"cobramkiii", "ShipID":1 }
{ "timestamp":"2017-10-17T02:54:37Z", "event":"ModuleRetrieve", "Slot":"MediumHardpoint1", "RetrievedItem":"$hpt_cannon_gimbal_small_name;", "RetrievedItem_Localised":"Cannon", "Ship":"cobramkiii", "ShipID":1 }
{ "timestamp":"2017-10-17T02:54:47Z", "event":"ModuleRetrieve", "Slot":"SmallHardpoint1", "RetrievedItem":"$hpt_pulselaser_fixed_small_name;", "RetrievedItem_Localised":"Pulse Laser", "Ship":"cobramkiii", "ShipID":1 }
{ "timestamp":"2017-10-17T02:54:57Z", "event":"ModuleRetrieve", "Slot":"SmallHardpoint2", "RetrievedItem":"$hpt_pulselaser_fixed_small_name;", "RetrievedItem_Localised":"Pulse Laser", "Ship":"cobramkiii", "ShipID":1 }
{ "timestamp":"2017-10-17T02:55:13Z", "event":"ModuleRetrieve", "Slot":"TinyHardpoint1", "RetrievedItem":"$hpt_plasmapointdefence_turret_tiny_name;", "RetrievedItem_Localised":"Point Defence", "Ship":"cobramkiii", "ShipID":1 }
{ "timestamp":"2017-10-17T02:55:57Z", "event":"ModuleRetrieve", "Slot":"PowerDistributor", "RetrievedItem":"$int_powerdistributor_size3_class5_name;", "RetrievedItem_Localised":"Power Distributor", "Ship":"cobramkiii", "ShipID":1, "SwapOutItem":"$int_powerdistributor_size3_class2_name;", "SwapOutItem_Localised":"Power Distributor", "Cost":0 }
{ "timestamp":"2017-10-17T02:56:39Z", "event":"ReceiveText", "From":"$npc_name_decorate:#name=Martin Wittek;", "From_Localised":"Martin Wittek", "Message":"$Commuter_AuthorityScan04;", "Message_Localised":"Is this really necessary?", "Channel":"npc" }
{ "timestamp":"2017-10-17T02:56:47Z", "event":"ModuleStore", "Slot":"Slot04_Size2", "StoredItem":"$int_fuelscoop_size2_class5_name;", "StoredItem_Localised":"Fuel Scoop", "Ship":"cobramkiii", "ShipID":1 }
{ "timestamp":"2017-10-17T02:56:54Z", "event":"ModuleStore", "Slot":"Slot02_Size4", "StoredItem":"$int_cargorack_size4_class1_name;", "StoredItem_Localised":"Cargo Rack", "Ship":"cobramkiii", "ShipID":1 }
{ "timestamp":"2017-10-17T02:57:13Z", "event":"ModuleStore", "Slot":"Slot06_Size2", "StoredItem":"$int_repairer_size2_class3_name;", "StoredItem_Localised":"AFM Unit", "Ship":"cobramkiii", "ShipID":1 }
{ "timestamp":"2017-10-17T03:00:19Z", "event":"Undocked", "StationName":"Vernadsky Port", "StationType":"Coriolis" }
{ "timestamp":"2017-10-17T03:00:59Z", "event":"Music", "MusicTrack":"NoTrack" }
{ "timestamp":"2017-10-17T03:01:30Z", "event":"ReceiveText", "From":"Vernadsky Port", "Message":"$STATION_NoFireZone_exited;", "Message_Localised":"No fire zone left.", "Channel":"npc" }
{ "timestamp":"2017-10-17T03:01:40Z", "event":"StartJump", "JumpType":"Hyperspace", "StarSystem":"Wolf 865", "StarClass":"K" }
{ "timestamp":"2017-10-17T03:01:59Z", "event":"FSDJump", "StarSystem":"Wolf 865", "StarPos":[-50.469,-9.063,34.656], "SystemAllegiance":"Federation", "SystemEconomy":"$economy_Industrial;", "SystemEconomy_Localised":"Industrial", "SystemGovernment":"$government_Corporate;", "SystemGovernment_Localised":"Corporate", "SystemSecurity":"$SYSTEM_SECURITY_high;", "SystemSecurity_Localised":"High Security", "Population":24209148, "JumpDist":5.572, "FuelUsed":0.271536, "FuelLevel":15.728464, "Factions":[ { "Name":"LP 455-12 Labour", "FactionState":"Outbreak", "Government":"Democracy", "Influence":0.158000, "Allegiance":"Federation", "RecoveringStates":[ { "State":"Boom", "Trend":0 } ] }, { "Name":"Pilots Federation Local Branch", "FactionState":"None", "Government":"Democracy", "Influence":0.000000, "Allegiance":"PilotsFederation" }, { "Name":"Revolutionary Wolf 865 Revolutionary Party", "FactionState":"None", "Government":"Democracy", "Influence":0.099000, "Allegiance":"Federation", "PendingStates":[ { "State":"Boom", "Trend":1 } ] }, { "Name":"Ekuru for Equality", "FactionState":"None", "Government":"Democracy", "Influence":0.054000, "Allegiance":"Federation", "PendingStates":[ { "State":"Boom", "Trend":1 } ] }, { "Name":"Wolf 865 Focus", "FactionState":"None", "Government":"Dictatorship", "Influence":0.064000, "Allegiance":"Independent", "RecoveringStates":[ { "State":"Boom", "Trend":0 } ] }, { "Name":"Wolf 865 Group", "FactionState":"Boom", "Government":"Corporate", "Influence":0.529000, "Allegiance":"Federation" }, { "Name":"Pirates of Wolf 865", "FactionState":"Boom", "Government":"Anarchy", "Influence":0.026000, "Allegiance":"Independent" }, { "Name":"Wolf 865 Liberty Party", "FactionState":"Boom", "Government":"Dictatorship", "Influence":0.070000, "Allegiance":"Independent" } ], "SystemFaction":"Wolf 865 Group", "FactionState":"Boom" }
{ "timestamp":"2017-10-17T03:01:59Z", "event":"Music", "MusicTrack":"DestinationFromHyperspace" }
{ "timestamp":"2017-10-17T03:02:04Z", "event":"Music", "MusicTrack":"Supercruise" }
{ "timestamp":"2017-10-17T03:04:27Z", "event":"SupercruiseExit", "StarSystem":"Wolf 865", "Body":"Wolf 865 A", "BodyType":"Star" }
{ "timestamp":"2017-10-17T03:04:27Z", "event":"Music", "MusicTrack":"Exploration" }
{ "timestamp":"2017-10-17T03:05:10Z", "event":"NavBeaconScan", "NumBodies":24 }
{ "timestamp":"2017-10-17T03:05:10Z", "event":"Scan", "BodyName":"Wolf 865 A", "DistanceFromArrivalLS":0.000000, "StarType":"K", "StellarMass":0.808594, "Radius":609623744.000000, "AbsoluteMagnitude":5.906601, "Age_MY":9078, "SurfaceTemperature":5189.000000, "Luminosity":"V", "SemiMajorAxis":10387813564416.000000, "Eccentricity":0.008671, "OrbitalInclination":-43.180649, "Periapsis":214.379608, "OrbitalPeriod":125143375872.000000, "RotationPeriod":562461.687500, "AxialTilt":0.000000, "Rings":[ { "Name":"Wolf 865 A A Belt", "RingClass":"eRingClass_MetalRich", "MassMT":1.8379e+13, "InnerRad":9.796e+08, "OuterRad":2.2481e+09 }, { "Name":"Wolf 865 A B Belt", "RingClass":"eRingClass_Rocky", "MassMT":1.6418e+16, "InnerRad":7.2549e+09, "OuterRad":2.925e+11 } ] }
{ "timestamp":"2017-10-17T03:05:10Z", "event":"Scan", "BodyName":"Wolf 865 A A Belt Cluster 2", "DistanceFromArrivalLS":4.450503 }
{ "timestamp":"2017-10-17T03:05:10Z", "event":"Scan", "BodyName":"Wolf 865 A 6 a", "DistanceFromArrivalLS":3004.684082, "TidalLock":false, "TerraformState":"", "PlanetClass":"Icy body", "Atmosphere":"", "AtmosphereType":"None", "Volcanism":"major water geysers volcanism", "MassEM":0.003769, "Radius":1366015.625000, "SurfaceGravity":0.804957, "SurfaceTemperature":75.959801, "SurfacePressure":0.000000, "Landable":true, "Materials":[ { "Name":"sulphur", "Percent":26.526022 }, { "Name":"carbon", "Percent":22.305635 }, { "Name":"phosphorus", "Percent":14.280452 }, { "Name":"iron", "Percent":12.138479 }, { "Name":"nickel", "Percent":9.181037 }, { "Name":"chromium", "Percent":5.459077 }, { "Name":"selenium", "Percent":4.151547 }, { "Name":"germanium", "Percent":3.472878 }, { "Name":"cadmium", "Percent":0.942608 }, { "Name":"molybdenum", "Percent":0.792636 }, { "Name":"ruthenium", "Percent":0.749629 } ], "SemiMajorAxis":164510544.000000, "Eccentricity":0.000025, "OrbitalInclination":0.005080, "Periapsis":269.349609, "OrbitalPeriod":90235.210938, "RotationPeriod":-78251.875000, "AxialTilt":-2.159792 }
{ "timestamp":"2017-10-17T03:05:10Z", "event":"Scan", "BodyName":"Wolf 865 A B Belt Cluster 1", "DistanceFromArrivalLS":237.092957 }
{ "timestamp":"2017-10-17T03:05:10Z", "event":"Scan", "BodyName":"Wolf 865 A 6", "DistanceFromArrivalLS":3004.392090, "TidalLock":false, "TerraformState":"", "PlanetClass":"Sudarsky class I gas giant", "Atmosphere":"", "AtmosphereComposition":[ { "Name":"Hydrogen", "Percent":74.217857 }, { "Name":"Helium", "Percent":25.782139 } ], "Volcanism":"", "MassEM":54.153793, "Radius":49333436.000000, "SurfaceGravity":8.868611, "SurfaceTemperature":86.852692, "SurfacePressure":0.000000, "Landable":false, "SemiMajorAxis":994913920.000000, "Eccentricity":0.007675, "OrbitalInclination":-8.952840, "Periapsis":237.714539, "OrbitalPeriod":61522392.000000, "RotationPeriod":156156.062500, "AxialTilt":0.147851, "Rings":[ { "Name":"Wolf 865 A 6 A Ring", "RingClass":"eRingClass_MetalRich", "MassMT":4.9613e+10, "InnerRad":8.14e+07, "OuterRad":9.2416e+07 }, { "Name":"Wolf 865 A 6 B Ring", "RingClass":"eRingClass_Icy", "MassMT":3.5528e+11, "InnerRad":9.2516e+07, "OuterRad":1.4665e+08 } ], "ReserveLevel":"DepletedResources" }
{ "timestamp":"2017-10-17T03:05:10Z", "event":"Scan", "BodyName":"Wolf 865 A 2 b", "DistanceFromArrivalLS":1559.381714, "TidalLock":false, "TerraformState":"", "PlanetClass":"Rocky body", "Atmosphere":"", "AtmosphereType":"SulphurDioxide", "AtmosphereComposition":[ { "Name":"SulphurDioxide", "Percent":90.000000 }, { "Name":"Silicates", "Percent":5.000000 }, { "Name":"Oxygen", "Percent":2.999999 } ], "Volcanism":"rocky magma volcanism", "MassEM":0.000790, "Radius":650170.375000, "SurfaceGravity":0.744868, "SurfaceTemperature":133.814972, "SurfacePressure":0.000000, "Landable":false, "SemiMajorAxis":547881344.000000, "Eccentricity":0.000089, "OrbitalInclination":-0.312739, "Periapsis":102.018867, "OrbitalPeriod":174025.375000, "RotationPeriod":-174026.250000, "AxialTilt":-2.959640 }
{ "timestamp":"2017-10-17T03:05:10Z", "event":"Scan", "BodyName":"Wolf 865 A 2 a", "DistanceFromArrivalLS":1560.832642, "TidalLock":true, "TerraformState":"", "PlanetClass":"Rocky body", "Atmosphere":"carbon dioxide atmosphere", "AtmosphereType":"CarbonDioxide", "AtmosphereComposition":[ { "Name":"CarbonDioxide", "Percent":98.990746 }, { "Name":"SulphurDioxide", "Percent":0.989908 } ], "Volcanism":"metallic magma volcanism", "MassEM":0.000450, "Radius":540226.375000, "SurfaceGravity":0.615248, "SurfaceTemperature":224.787262, "SurfacePressure":74305.304688, "Landable":false, "SemiMajorAxis":345780768.000000, "Eccentricity":0.000414, "OrbitalInclination":-0.229632, "Periapsis":210.826401, "OrbitalPeriod":87253.750000, "RotationPeriod":87254.187500, "AxialTilt":-0.306810 }
{ "timestamp":"2017-10-17T03:05:10Z", "event":"Scan", "BodyName":"Wolf 865 A B Belt Cluster 4", "DistanceFromArrivalLS":84.693260 }
{ "timestamp":"2017-10-17T03:05:10Z", "event":"Scan", "BodyName":"Wolf 865 A 3", "DistanceFromArrivalLS":1589.467651, "TidalLock":true, "TerraformState":"", "PlanetClass":"Sudarsky class I gas giant", "Atmosphere":"", "AtmosphereComposition":[ { "Name":"Hydrogen", "Percent":74.217865 }, { "Name":"Helium", "Percent":25.782146 } ], "Volcanism":"", "MassEM":24.658531, "Radius":42252580.000000, "SurfaceGravity":5.505162, "SurfaceTemperature":119.163658, "SurfacePressure":0.000000, "Landable":false, "SemiMajorAxis":8689778688.000000, "Eccentricity":0.002806, "OrbitalInclination":-7.313694, "Periapsis":81.454422, "OrbitalPeriod":11496452.000000, "RotationPeriod":11757036.000000, "AxialTilt":-0.242899, "Rings":[ { "Name":"Wolf 865 A 3 A Ring", "RingClass":"eRingClass_Rocky", "MassMT":1.8298e+10, "InnerRad":6.8639e+07, "OuterRad":7.2929e+07 }, { "Name":"Wolf 865 A 3 B Ring", "RingClass":"eRingClass_Rocky", "MassMT":1.4913e+11, "InnerRad":7.3029e+07, "OuterRad":1.0133e+08 } ], "ReserveLevel":"DepletedResources" }
{ "timestamp":"2017-10-17T03:05:10Z", "event":"Scan", "BodyName":"Wolf 865 A 5", "DistanceFromArrivalLS":2081.432129, "TidalLock":false, "TerraformState":"", "PlanetClass":"Sudarsky class I gas giant", "Atmosphere":"", "AtmosphereComposition":[ { "Name":"Hydrogen", "Percent":74.217865 }, { "Name":"Helium", "Percent":25.782146 } ], "Volcanism":"", "MassEM":165.484970, "Radius":66066080.000000, "SurfaceGravity":15.111616, "SurfaceTemperature":117.221260, "SurfacePressure":0.000000, "Landable":false, "SemiMajorAxis":9892797440.000000, "Eccentricity":0.117505, "OrbitalInclination":0.497989, "Periapsis":350.480682, "OrbitalPeriod":32046524.000000, "RotationPeriod":4814548.500000, "AxialTilt":0.059476, "Rings":[ { "Name":"Wolf 865 A 5 A Ring", "RingClass":"eRingClass_Icy", "MassMT":6.4567e+11, "InnerRad":1.2641e+08, "OuterRad":1.9113e+08 } ], "ReserveLevel":"DepletedResources" }
{ "timestamp":"2017-10-17T03:05:10Z", "event":"Scan", "BodyName":"Wolf 865 A 5 a", "DistanceFromArrivalLS":2082.064453, "TidalLock":true, "TerraformState":"", "PlanetClass":"Icy body", "Atmosphere":"", "AtmosphereType":"None", "Volcanism":"major water geysers volcanism", "MassEM":0.004023, "Radius":1398461.250000, "SurfaceGravity":0.819916, "SurfaceTemperature":95.781967, "SurfacePressure":0.000000, "Landable":true, "Materials":[ { "Name":"sulphur", "Percent":26.387199 }, { "Name":"carbon", "Percent":22.188900 }, { "Name":"phosphorus", "Percent":14.205715 }, { "Name":"iron", "Percent":11.884565 }, { "Name":"nickel", "Percent":8.988987 }, { "Name":"chromium", "Percent":5.344883 }, { "Name":"manganese", "Percent":4.908204 }, { "Name":"selenium", "Percent":4.129820 }, { "Name":"ruthenium", "Percent":0.733948 }, { "Name":"tin", "Percent":0.708798 }, { "Name":"mercury", "Percent":0.518979 } ], "SemiMajorAxis":193413216.000000, "Eccentricity":0.000066, "OrbitalInclination":0.030886, "Periapsis":219.197723, "OrbitalPeriod":65805.335938, "RotationPeriod":65806.757813, "AxialTilt":0.227259 }
{ "timestamp":"2017-10-17T03:05:10Z", "event":"Scan", "BodyName":"Wolf 865 B", "DistanceFromArrivalLS":128292.226563, "StarType":"M", "StellarMass":0.296875, "Radius":299017440.000000, "AbsoluteMagnitude":10.080856, "Age_MY":9078, "SurfaceTemperature":2631.000000, "Luminosity":"Va", "SemiMajorAxis":28405225488384.000000, "Eccentricity":0.008671, "OrbitalInclination":-43.180649, "Periapsis":34.379608, "OrbitalPeriod":125143375872.000000, "RotationPeriod":145279.125000, "AxialTilt":0.000000 }
{ "timestamp":"2017-10-17T03:05:10Z", "event":"Scan", "BodyName":"Wolf 865 A 1", "DistanceFromArrivalLS":14.362702, "TidalLock":true, "TerraformState":"", "PlanetClass":"Metal rich body", "Atmosphere":"", "AtmosphereType":"None", "Volcanism":"", "MassEM":0.528581, "Radius":4010470.500000, "SurfaceGravity":13.098761, "SurfaceTemperature":1155.093384, "SurfacePressure":0.000000, "Landable":true, "Materials":[ { "Name":"iron", "Percent":34.777977 }, { "Name":"nickel", "Percent":26.304604 }, { "Name":"chromium", "Percent":15.640812 }, { "Name":"zinc", "Percent":9.451352 }, { "Name":"vanadium", "Percent":8.540260 }, { "Name":"niobium", "Percent":2.376889 }, { "Name":"tungsten", "Percent":1.909661 }, { "Name":"polonium", "Percent":0.998453 } ], "SemiMajorAxis":4305841664.000000, "Eccentricity":0.000004, "OrbitalInclination":0.000823, "Periapsis":334.959869, "OrbitalPeriod":171018.078125, "RotationPeriod":171356.546875, "AxialTilt":-0.467038 }
{ "timestamp":"2017-10-17T03:05:10Z", "event":"Scan", "BodyName":"Wolf 865 A B Belt Cluster 2", "DistanceFromArrivalLS":535.746704 }
{ "timestamp":"2017-10-17T03:05:10Z", "event":"Scan", "BodyName":"Wolf 865 A B Belt Cluster 3", "DistanceFromArrivalLS":372.091919 }
{ "timestamp":"2017-10-17T03:05:10Z", "event":"Scan", "BodyName":"Wolf 865 A 7", "DistanceFromArrivalLS":2988.461914, "TidalLock":false, "TerraformState":"", "PlanetClass":"Icy body", "Atmosphere":"thick methane rich atmosphere", "AtmosphereType":"MethaneRich", "AtmosphereComposition":[ { "Name":"Ammonia", "Percent":33.221291 }, { "Name":"Methane", "Percent":33.221291 }, { "Name":"Nitrogen", "Percent":33.221291 } ], "Volcanism":"major water geysers volcanism", "MassEM":4.457116, "Radius":12037930.000000, "SurfaceGravity":12.259133, "SurfaceTemperature":427.807068, "SurfacePressure":1885042432.000000, "Landable":false, "SemiMajorAxis":12089293824.000000, "Eccentricity":0.007675, "OrbitalInclination":-8.952840, "Periapsis":57.714535, "OrbitalPeriod":61522392.000000, "RotationPeriod":86075.218750, "AxialTilt":0.080231, "Rings":[ { "Name":"Wolf 865 A 7 A Ring", "RingClass":"eRingClass_Icy", "MassMT":4.014e+09, "InnerRad":1.9863e+07, "OuterRad":5.9714e+07 } ], "ReserveLevel":"DepletedResources" }
{ "timestamp":"2017-10-17T03:05:10Z", "event":"Scan", "BodyName":"Wolf 865 A 3 b", "DistanceFromArrivalLS":1589.432983, "TidalLock":false, "TerraformState":"", "PlanetClass":"Rocky body", "Atmosphere":"", "AtmosphereType":"None", "Volcanism":"minor rocky magma volcanism", "MassEM":0.000352, "Radius":497636.406250, "SurfaceGravity":0.567002, "SurfaceTemperature":120.390610, "SurfacePressure":0.000000, "Landable":true, "Materials":[ { "Name":"iron", "Percent":19.753044 }, { "Name":"sulphur", "Percent":19.158863 }, { "Name":"carbon", "Percent":16.110619 }, { "Name":"nickel", "Percent":14.940375 }, { "Name":"phosphorus", "Percent":10.314295 }, { "Name":"manganese", "Percent":8.157806 }, { "Name":"germanium", "Percent":5.647391 }, { "Name":"selenium", "Percent":2.998524 }, { "Name":"niobium", "Percent":1.350015 }, { "Name":"mercury", "Percent":0.862583 }, { "Name":"technetium", "Percent":0.706487 } ], "SemiMajorAxis":203142656.000000, "Eccentricity":0.001660, "OrbitalInclination":0.009662, "Periapsis":12.737552, "OrbitalPeriod":183498.015625, "RotationPeriod":-183501.109375, "AxialTilt":-2.398958 }
{ "timestamp":"2017-10-17T03:05:10Z", "event":"Scan", "BodyName":"Wolf 865 A 2 c", "DistanceFromArrivalLS":1562.962280, "TidalLock":true, "TerraformState":"", "PlanetClass":"Rocky body", "Atmosphere":"", "AtmosphereType":"None", "Volcanism":"", "MassEM":0.002380, "Radius":937377.125000, "SurfaceGravity":1.079809, "SurfaceTemperature":129.415833, "SurfacePressure":0.000000, "Landable":true, "Materials":[ { "Name":"iron", "Percent":18.447765 }, { "Name":"sulphur", "Percent":17.968889 }, { "Name":"carbon", "Percent":15.109976 }, { "Name":"nickel", "Percent":13.953116 }, { "Name":"phosphorus", "Percent":9.673666 }, { "Name":"chromium", "Percent":8.296573 }, { "Name":"manganese", "Percent":7.618740 }, { "Name":"germanium", "Percent":5.296628 }, { "Name":"cadmium", "Percent":1.432553 }, { "Name":"yttrium", "Percent":1.101863 }, { "Name":"tin", "Percent":1.100228 } ], "SemiMajorAxis":948834496.000000, "Eccentricity":0.002101, "OrbitalInclination":-0.003973, "Periapsis":167.144760, "OrbitalPeriod":396614.375000, "RotationPeriod":396616.406250, "AxialTilt":0.022759 }
{ "timestamp":"2017-10-17T03:05:10Z", "event":"Scan", "BodyName":"Wolf 865 A 4", "DistanceFromArrivalLS":2069.390625, "TidalLock":false, "TerraformState":"", "PlanetClass":"Sudarsky class I gas giant", "Atmosphere":"", "AtmosphereComposition":[ { "Name":"Hydrogen", "Percent":74.217865 }, { "Name":"Helium", "Percent":25.782145 } ], "Volcanism":"", "MassEM":254.378204, "Radius":70726152.000000, "SurfaceGravity":20.268856, "SurfaceTemperature":129.294739, "SurfacePressure":0.000000, "Landable":false, "SemiMajorAxis":6435780096.000000, "Eccentricity":0.117505, "OrbitalInclination":0.497989, "Periapsis":170.480682, "OrbitalPeriod":32046524.000000, "RotationPeriod":60672.480469, "AxialTilt":0.077130, "Rings":[ { "Name":"Wolf 865 A 4 A Ring", "RingClass":"eRingClass_Rocky", "MassMT":4.8332e+10, "InnerRad":1.0994e+08, "OuterRad":1.1672e+08 }, { "Name":"Wolf 865 A 4 B Ring", "RingClass":"eRingClass_Icy", "MassMT":1.1006e+12, "InnerRad":1.1682e+08, "OuterRad":2.2058e+08 } ], "ReserveLevel":"DepletedResources" }
{ "timestamp":"2017-10-17T03:05:10Z", "event":"Scan", "BodyName":"Wolf 865 A A Belt Cluster 1", "DistanceFromArrivalLS":7.326874 }
{ "timestamp":"2017-10-17T03:05:10Z", "event":"Scan", "BodyName":"Wolf 865 A 2", "DistanceFromArrivalLS":1560.150513, "TidalLock":false, "TerraformState":"", "PlanetClass":"Sudarsky class II gas giant", "Atmosphere":"", "AtmosphereComposition":[ { "Name":"Hydrogen", "Percent":74.217857 }, { "Name":"Helium", "Percent":25.782139 } ], "Volcanism":"", "MassEM":537.862488, "Radius":76116952.000000, "SurfaceGravity":37.001377, "SurfaceTemperature":190.623138, "SurfacePressure":0.000000, "Landable":false, "SemiMajorAxis":398395968.000000, "Eccentricity":0.002806, "OrbitalInclination":-7.313694, "Periapsis":261.454437, "OrbitalPeriod":11496452.000000, "RotationPeriod":90098.453125, "AxialTilt":0.302248, "Rings":[ { "Name":"Wolf 865 A 2 A Ring", "RingClass":"eRingClass_Rocky", "MassMT":1.7478e+12, "InnerRad":1.4581e+08, "OuterRad":2.8312e+08 } ], "ReserveLevel":"DepletedResources" }
{ "timestamp":"2017-10-17T03:05:10Z", "event":"Scan", "BodyName":"Wolf 865 A A Belt Cluster 3", "DistanceFromArrivalLS":6.286581 }
{ "timestamp":"2017-10-17T03:05:10Z", "event":"Scan", "BodyName":"Wolf 865 A 6 b", "DistanceFromArrivalLS":3004.017090, "TidalLock":true, "TerraformState":"", "PlanetClass":"Icy body", "Atmosphere":"", "AtmosphereType":"None", "Volcanism":"major water geysers volcanism", "MassEM":0.000844, "Radius":834471.687500, "SurfaceGravity":0.483024, "SurfaceTemperature":75.802429, "SurfacePressure":0.000000, "Landable":true, "Materials":[ { "Name":"sulphur", "Percent":26.817122 }, { "Name":"carbon", "Percent":22.550423 }, { "Name":"phosphorus", "Percent":14.437167 }, { "Name":"iron", "Percent":12.078519 }, { "Name":"nickel", "Percent":9.135686 }, { "Name":"chromium", "Percent":5.432111 }, { "Name":"selenium", "Percent":4.197106 }, { "Name":"germanium", "Percent":3.467921 }, { "Name":"molybdenum", "Percent":0.788720 }, { "Name":"tungsten", "Percent":0.663232 }, { "Name":"technetium", "Percent":0.432000 } ], "SemiMajorAxis":204705424.000000, "Eccentricity":0.001502, "OrbitalInclination":0.038804, "Periapsis":62.940151, "OrbitalPeriod":125250.484375, "RotationPeriod":111855.257813, "AxialTilt":0.432905 }
{ "timestamp":"2017-10-17T03:05:10Z", "event":"Scan", "BodyName":"Wolf 865 A 3 a", "DistanceFromArrivalLS":1589.233276, "TidalLock":true, "TerraformState":"", "PlanetClass":"Rocky body", "Atmosphere":"", "AtmosphereType":"None", "Volcanism":"minor metallic magma volcanism", "MassEM":0.000419, "Radius":527358.625000, "SurfaceGravity":0.600384, "SurfaceTemperature":120.468018, "SurfacePressure":0.000000, "Landable":true, "Materials":[ { "Name":"iron", "Percent":19.660549 }, { "Name":"sulphur", "Percent":19.150194 }, { "Name":"carbon", "Percent":16.103331 }, { "Name":"nickel", "Percent":14.870416 }, { "Name":"phosphorus", "Percent":10.309629 }, { "Name":"manganese", "Percent":8.119605 }, { "Name":"germanium", "Percent":5.644836 }, { "Name":"arsenic", "Percent":2.524448 }, { "Name":"niobium", "Percent":1.343694 }, { "Name":"antimony", "Percent":1.193738 }, { "Name":"tungsten", "Percent":1.079562 } ], "SemiMajorAxis":149597984.000000, "Eccentricity":0.001579, "OrbitalInclination":-0.246184, "Periapsis":25.209635, "OrbitalPeriod":115962.687500, "RotationPeriod":115964.640625, "AxialTilt":0.100387 }
{ "timestamp":"2017-10-17T03:06:54Z", "event":"StartJump", "JumpType":"Supercruise" }
{ "timestamp":"2017-10-17T03:06:59Z", "event":"SupercruiseEntry", "StarSystem":"Wolf 865" }
{ "timestamp":"2017-10-17T03:06:59Z", "event":"Music", "MusicTrack":"Supercruise" }
{ "timestamp":"2017-10-17T03:10:37Z", "event":"SupercruiseExit", "StarSystem":"Wolf 865", "Body":"Wolf 865 A 3 a", "BodyType":"Planet" }
{ "timestamp":"2017-10-17T03:10:38Z", "event":"Music", "MusicTrack":"Exploration" }
{ "timestamp":"2017-10-17T03:14:03Z", "event":"Music", "MusicTrack":"SystemMap" }
{ "timestamp":"2017-10-17T03:14:11Z", "event":"Music", "MusicTrack":"Exploration" }
{ "timestamp":"2017-10-17T03:14:26Z", "event":"StartJump", "JumpType":"Supercruise" }
{ "timestamp":"2017-10-17T03:14:31Z", "event":"SupercruiseEntry", "StarSystem":"Wolf 865" }
{ "timestamp":"2017-10-17T03:14:31Z", "event":"Music", "MusicTrack":"Supercruise" }
{ "timestamp":"2017-10-17T03:16:03Z", "event":"USSDrop", "USSType":"$USS_Type_Salvage;", "USSType_Localised":"Degraded emissions detected", "USSThreat":0 }
{ "timestamp":"2017-10-17T03:16:04Z", "event":"SupercruiseExit", "StarSystem":"Wolf 865", "Body":"Wolf 865 A 3 a", "BodyType":"Planet" }
{ "timestamp":"2017-10-17T03:16:04Z", "event":"Music", "MusicTrack":"Exploration" }
{ "timestamp":"2017-10-17T03:18:03Z", "event":"CollectCargo", "Type":"ComercialSamples", "Stolen":false }
{ "timestamp":"2017-10-17T03:18:37Z", "event":"CollectCargo", "Type":"ComercialSamples", "Stolen":false }
{ "timestamp":"2017-10-17T03:18:51Z", "event":"CollectCargo", "Type":"HydrogenFuel", "Stolen":false }
{ "timestamp":"2017-10-17T03:19:13Z", "event":"CollectCargo", "Type":"ComercialSamples", "Stolen":false }
{ "timestamp":"2017-10-17T03:19:14Z", "event":"MissionRedirected", "MissionID":228705770, "Name":"Mission_Salvage_RankFed_name", "NewDestinationStation":"Vernadsky Port", "NewDestinationSystem":"Ngolibardu", "OldDestinationStation":"", "OldDestinationSystem":"Wolf 865" }
{ "timestamp":"2017-10-17T03:19:31Z", "event":"CollectCargo", "Type":"Scrap", "Stolen":false }
{ "timestamp":"2017-10-17T03:20:09Z", "event":"CollectCargo", "Type":"Biowaste", "Stolen":false }
{ "timestamp":"2017-10-17T03:21:30Z", "event":"StartJump", "JumpType":"Hyperspace", "StarSystem":"Ngolibardu", "StarClass":"M" }
{ "timestamp":"2017-10-17T03:21:36Z", "event":"Music", "MusicTrack":"NoTrack" }
{ "timestamp":"2017-10-17T03:21:49Z", "event":"FSDJump", "StarSystem":"Ngolibardu", "StarPos":[-48.813,-7.750,39.813], "SystemAllegiance":"Federation", "SystemEconomy":"$economy_Refinery;", "SystemEconomy_Localised":"Refinery", "SystemGovernment":"$government_Corporate;", "SystemGovernment_Localised":"Corporate", "SystemSecurity":"$SYSTEM_SECURITY_medium;", "SystemSecurity_Localised":"Medium Security", "Population":2461357, "JumpDist":5.572, "FuelUsed":0.286836, "FuelLevel":15.441628, "Factions":[ { "Name":"Pilots Federation Local Branch", "FactionState":"None", "Government":"Democracy", "Influence":0.000000, "Allegiance":"PilotsFederation" }, { "Name":"Ekuru for Equality", "FactionState":"War", "Government":"Democracy", "Influence":0.067000, "Allegiance":"Federation", "PendingStates":[ { "State":"Boom", "Trend":1 } ] }, { "Name":"Ngolibardu Electronics Solutions", "FactionState":"None", "Government":"Corporate", "Influence":0.427000, "Allegiance":"Federation", "RecoveringStates":[ { "State":"Boom", "Trend":0 } ] }, { "Name":"Ngolibardu Purple Drug Empire", "FactionState":"Boom", "Government":"Anarchy", "Influence":0.033000, "Allegiance":"Independent" }, { "Name":"Wolf 865 Group", "FactionState":"Boom", "Government":"Corporate", "Influence":0.225000, "Allegiance":"Federation" }, { "Name":"Liberals of Ngolibardu", "FactionState":"None", "Government":"Democracy", "Influence":0.086000, "Allegiance":"Independent" }, { "Name":"League of Ngolibardu", "FactionState":"None", "Government":"Dictatorship", "Influence":0.026000, "Allegiance":"Independent", "PendingStates":[ { "State":"Boom", "Trend":1 } ], "RecoveringStates":[ { "State":"War", "Trend":0 } ] }, { "Name":"Ross 163 Blue Dynamic Limited", "FactionState":"None", "Government":"Corporate", "Influence":0.098000, "Allegiance":"Federation", "PendingStates":[ { "State":"Boom", "Trend":1 } ], "RecoveringStates":[ { "State":"War", "Trend":0 } ] }, { "Name":"Ngolibardu Creative & Co", "FactionState":"War", "Government":"Corporate", "Influence":0.038000, "Allegiance":"Independent", "PendingStates":[ { "State":"Boom", "Trend":1 }, { "State":"Outbreak", "Trend":0 } ] } ], "SystemFaction":"Ngolibardu Electronics Solutions" }
{ "timestamp":"2017-10-17T03:21:49Z", "event":"Music", "MusicTrack":"Supercruise" }
{ "timestamp":"2017-10-17T03:25:15Z", "event":"SupercruiseExit", "StarSystem":"Ngolibardu", "Body":"Vernadsky Port", "BodyType":"Station" }
{ "timestamp":"2017-10-17T03:25:15Z", "event":"Music", "MusicTrack":"DestinationFromSupercruise" }
{ "timestamp":"2017-10-17T03:25:20Z", "event":"Music", "MusicTrack":"NoTrack" }
{ "timestamp":"2017-10-17T03:25:24Z", "event":"ReceiveText", "From":"Vernadsky Port", "Message":"$STATION_NoFireZone_entered;", "Message_Localised":"No fire zone entered.", "Channel":"npc" }
{ "timestamp":"2017-10-17T03:25:37Z", "event":"DockingRequested", "StationName":"Vernadsky Port" }
{ "timestamp":"2017-10-17T03:25:37Z", "event":"ReceiveText", "From":"Vernadsky Port", "Message":"$DockingChatter_Friendly;", "Message_Localised":"It's great to see you again, Commander.", "Channel":"npc" }
{ "timestamp":"2017-10-17T03:25:38Z", "event":"ReceiveText", "From":"Vernadsky Port", "Message":"$STATION_docking_granted;", "Message_Localised":"Docking request granted.", "Channel":"npc" }
{ "timestamp":"2017-10-17T03:25:38Z", "event":"DockingGranted", "LandingPad":6, "StationName":"Vernadsky Port" }
{ "timestamp":"2017-10-17T03:26:19Z", "event":"Scanned", "ScanType":"Cargo" }
{ "timestamp":"2017-10-17T03:26:25Z", "event":"Music", "MusicTrack":"Starport" }
{ "timestamp":"2017-10-17T03:26:53Z", "event":"Docked", "StationName":"Vernadsky Port", "StationType":"Coriolis", "StarSystem":"Ngolibardu", "StationFaction":"Ngolibardu Electronics Solutions", "StationGovernment":"$government_Corporate;", "StationGovernment_Localised":"Corporate", "StationAllegiance":"Federation", "StationServices":[ "Dock", "Autodock", "Commodities", "Contacts", "Exploration", "Missions", "Outfitting", "CrewLounge", "Rearm", "Refuel", "Repair", "Shipyard", "Tuning", "MissionsGenerated", "FlightController", "StationOperations", "Powerplay", "SearchAndRescue" ], "StationEconomy":"$economy_Refinery;", "StationEconomy_Localised":"Refinery", "DistFromStarLS":1933.756836 }
{ "timestamp":"2017-10-17T03:27:10Z", "event":"MissionCompleted", "Faction":"Ngolibardu Electronics Solutions", "Name":"Mission_Salvage_RankFed_name", "MissionID":228705770, "Commodity":"$ComercialSamples_Name;", "Commodity_Localised":"Commercial Samples", "Count":3, "DestinationSystem":"Wolf 865", "Reward":106208 }
{ "timestamp":"2017-10-17T03:27:10Z", "event":"Promotion", "Federation":1 }
{ "timestamp":"2017-10-17T03:27:23Z", "event":"ReceiveText", "From":"$npc_name_decorate:#name=Shiro Hagen;", "From_Localised":"Shiro Hagen", "Message":"$Commuter_HostileScan02;", "Message_Localised":"It is an offence to scan this vessel unless you are an authorised member of system security.", "Channel":"npc" }
{ "timestamp":"2017-10-17T03:28:53Z", "event":"RefuelAll", "Cost":49, "Amount":0.963160 }
{ "timestamp":"2017-10-17T03:29:15Z", "event":"MarketSell", "Type":"hydrogenfuel", "Count":1, "SellPrice":95, "TotalSale":95, "AvgPricePaid":0 }
{ "timestamp":"2017-10-17T03:29:39Z", "event":"MarketSell", "Type":"articulationmotors", "Count":4, "SellPrice":4567, "TotalSale":18268, "AvgPricePaid":0 }
{ "timestamp":"2017-10-17T03:29:54Z", "event":"MarketSell", "Type":"scrap", "Count":1, "SellPrice":67, "TotalSale":67, "AvgPricePaid":0 }
{ "timestamp":"2017-10-17T03:29:58Z", "event":"MarketSell", "Type":"biowaste", "Count":1, "SellPrice":10, "TotalSale":10, "AvgPricePaid":0 }
{ "timestamp":"2017-10-17T03:31:49Z", "event":"ReceiveText", "From":"$npc_name_decorate:#name=Shiro Hagen;", "From_Localised":"Shiro Hagen", "Message":"$Commuter_HostileScan03;", "Message_Localised":"We have no valuable cargo onboard, please halt your scan.", "Channel":"npc" }
{ "timestamp":"2017-10-17T03:42:23Z", "event":"ReceiveText", "From":"$npc_name_decorate:#name=Alexander Saunders;", "From_Localised":"Alexander Saunders", "Message":"$Commuter_AuthorityScan01;", "Message_Localised":"Is there a problem here, officer?", "Channel":"npc" }
{ "timestamp":"2017-10-17T03:46:31Z", "event":"ReceiveText", "From":"$npc_name_decorate:#name=Warren;", "From_Localised":"Warren", "Message":"$Commuter_AuthorityScan03;", "Message_Localised":"Will this take long? Ive got a schedule to keep. ", "Channel":"npc" }
{ "timestamp":"2017-10-17T03:50:24Z", "event":"Music", "MusicTrack":"Exploration" }
